<?xml version="1.0" encoding="UTF-8"?>
<!-- Generated by org.testng.reporters.JUnitReportReporter -->
<testsuite skipped="0" hostname="TJ" name="baseSetup.Base" tests="1" failures="0" timestamp="2021-03-23T06:26:09 IST" time="10.293" errors="0">
  <testcase name="getDriver" time="10.293" classname="baseSetup.Base"/>
  <system-out/>
</testsuite> <!-- baseSetup.Base -->
