<?xml version="1.0" encoding="UTF-8"?>
<!-- Generated by org.testng.reporters.JUnitReportReporter -->
<testsuite skipped="0" hostname="TJ" name="testCase.TestCase1" tests="1" failures="0" timestamp="2021-03-25T06:12:18 IST" time="5.687" errors="0">
  <testcase name="TC1" time="5.687" classname="testCase.TestCase1"/>
  <system-out/>
</testsuite> <!-- testCase.TestCase1 -->
